[Message:   BepInEx] BepInEx 5.4.21.0 - Lethal Company (27/11/2023 19:29:48)
[Info   :   BepInEx] Running under Unity v2022.3.9.15351836
[Info   :   BepInEx] CLR runtime version: 4.0.30319.42000
[Info   :   BepInEx] Supports SRE: True
[Info   :   BepInEx] System platform: Bits64, Windows
[Message:   BepInEx] Preloader started
[Info   :   BepInEx] Loaded 1 patcher method from [BepInEx.Preloader 5.4.21.0]
[Info   :   BepInEx] Loaded 1 patcher method from [FixPluginTypesSerialization 1.0.0.0]
[Info   :   BepInEx] Loaded 1 patcher method from [BepInEx.MonoMod.HookGenPatcher 1.2.1.0]
[Info   :   BepInEx] 3 patcher plugins loaded
[Info   :HookGenPatcher] Previous MMHOOK location found. Using that location to save instead.
[Info   :HookGenPatcher] Already ran for this version, reusing that file.
[Info   :HookGenPatcher] Previous MMHOOK location found. Using that location to save instead.
[Info   :HookGenPatcher] Already ran for this version, reusing that file.
[Info   :HookGenPatcher] Previous MMHOOK location found. Using that location to save instead.
[Info   :HookGenPatcher] Already ran for this version, reusing that file.
[Info   :HookGenPatcher] Previous MMHOOK location found. Using that location to save instead.
[Info   :HookGenPatcher] Already ran for this version, reusing that file.
[Info   :HookGenPatcher] Previous MMHOOK location found. Using that location to save instead.
[Info   :HookGenPatcher] Already ran for this version, reusing that file.
[Info   :HookGenPatcher] Previous MMHOOK location found. Using that location to save instead.
[Info   :HookGenPatcher] Already ran for this version, reusing that file.
[Message:FixPluginTypesSerialization] Using the config cache
[Info   :FixPluginTypesSerialization] Running under Unity v2022.3.9
[Info   :   BepInEx] Patching [UnityEngine.CoreModule] with [BepInEx.Chainloader]
[Message:   BepInEx] Preloader finished
[Message:   BepInEx] Chainloader ready
[Message:   BepInEx] Chainloader started
[Info   :   BepInEx] 8 plugins to load
[Info   :   BepInEx] Loading [LethalConfig 1.4.2]
[Info   :ainavt.lc.lethalconfig] Registered config "LethalConfig/Example/Int Slider"
[Info   :ainavt.lc.lethalconfig] Registered config "LethalConfig/Example/Float Slider"
[Info   :ainavt.lc.lethalconfig] Registered config "LethalConfig/Example/Float Step Slider"
[Info   :ainavt.lc.lethalconfig] Registered config "LethalConfig/Example/Bool Checkbox"
[Info   :ainavt.lc.lethalconfig] Registered config "LethalConfig/Example/Enum Dropdown"
[Info   :ainavt.lc.lethalconfig] Registered config "LethalConfig/Example/Text Input"
[Info   :ainavt.lc.lethalconfig] Registered config "LethalConfig/Example/Multiline Text Input"
[Info   :ainavt.lc.lethalconfig] Registered config "LethalConfig.ConfigItems.GenericButtonConfigItem"
[Info   :ainavt.lc.lethalconfig] Registered config "LethalConfig/Example/Int Input"
[Info   :ainavt.lc.lethalconfig] Registered config "LethalConfig/Example/Float Input"
[Info   :ainavt.lc.lethalconfig] Registered config "LethalConfig/Example/Text Input Dropdown"
[Info   :ainavt.lc.lethalconfig] Finished loading assets.
[Info   :ainavt.lc.lethalconfig] LethalConfig loaded!
[Info   :   BepInEx] Loading [Starlancer AI Fix 3.6.0]
[Info   :Starlancer AI Fix] Starlancer AI Fix Online.
[Info   :   BepInEx] Loading [LethalLib 0.15.1]
[Info   : LethalLib] LethalLib loaded!!
[Info   :   BepInEx] Loading [MaxWasUnavailable.LethalModDataLib 1.2.2]
[Debug  :MaxWasUnavailable.LethalModDataLib] Patching...
[Debug  :MaxWasUnavailable.LethalModDataLib] Patched!
[Info   :MaxWasUnavailable.LethalModDataLib] Plugin MaxWasUnavailable.LethalModDataLib is loaded!
[Info   :   BepInEx] Loading [LethalLevelLoader 1.2.0.1]
[Info   :LethalLevelLoader] LethalLevelLoader loaded!!
[Info   :LethalLevelLoader] Finding LethalBundles!
[Info   :LethalLevelLoader] Config Level Set As: User
[Info   :   BepInEx] Loading [LethalDevMode 1.0.0]
[Info   :LethalDevMode] Plugin LethalDevMode is loaded!
[Info   :   BepInEx] Loading [FartZone 1.0.2]
[Info   :  FartZone] FartZone starting....
[Info   :   BepInEx] Loading [RandomEnemiesSize 1.0.0]
[Info   :RandomEnemiesSize] RandomEnemiesSize starting....
[Info   :RandomEnemiesSize] RandomEnemiesSize Patched !!
[Message:   BepInEx] Chainloader startup complete
[Info   :LethalLevelLoader] No ExtendedMod Found In Bundle: fartmoon. Forcefully Loading ExtendedContent!
[Info   : Unity Log] Saving changed settings
[Info   : Unity Log] subcribing to steam callbacks
[Warning: Unity Log] DontDestroyOnLoad only works for root GameObjects or components on root GameObjects.
[Info   :LethalLevelLoader] Registering Bundle Content!
[Info   :LethalLevelLoader] Skipped Registering 0 NetworkObjects As They Were Already Registered.
[Info   :MaxWasUnavailable.LethalModDataLib] Registering ModDataAttribute fields...
[Info   :MaxWasUnavailable.LethalModDataLib] Hooking up save, load and delete events...
[Info   :MaxWasUnavailable.LethalModDataLib] ModDataHandler initialised!
[Debug  :MaxWasUnavailable.LethalModDataLib] Loading data from file LCGeneralSaveData.moddata with key MaxWasUnavailable.LethalModDataLib.LMDLVersion...
[Debug  :MaxWasUnavailable.LethalModDataLib] LethalModDataLib version (1.2.2) matches last saved version (1.2.2).
[Debug  :MaxWasUnavailable.LethalModDataLib] Saving data to file LCGeneralSaveData.moddata with key MaxWasUnavailable.LethalModDataLib.LMDLVersion...
[Info   :ainavt.lc.lethalconfig] Injecting mod config menu into main menu...
[Info   : Unity Log] Returning week num: 22
[Info   : Unity Log] week num: 22
[Info   :ainavt.lc.lethalconfig] Injecting mod config menu into main menu...
[Debug  :ainavt.lc.lethalconfig] 8 mods loaded: ainavt.lc.lethalconfig;AudioKnight.StarlancerAIFix;evaisa.lethallib;MaxWasUnavailable.LethalModDataLib;imabatby.lethallevelloader;LethalDevMode;wexop.fartzone;wexop.random_enemies_size
[Debug  :ainavt.lc.lethalconfig] ainavt.lc.lethalconfig : LethalConfig : 1.4.2
[Debug  :ainavt.lc.lethalconfig] AudioKnight.StarlancerAIFix : Starlancer AI Fix : 3.6.0
[Debug  :ainavt.lc.lethalconfig] evaisa.lethallib : LethalLib : 0.15.1
[Debug  :ainavt.lc.lethalconfig] MaxWasUnavailable.LethalModDataLib : MaxWasUnavailable.LethalModDataLib : 1.2.2
[Debug  :ainavt.lc.lethalconfig] imabatby.lethallevelloader : LethalLevelLoader : 1.2.0.1
[Debug  :ainavt.lc.lethalconfig] LethalDevMode : LethalDevMode : 1.0.0
[Debug  :ainavt.lc.lethalconfig] wexop.fartzone : FartZone : 1.0.2
[Debug  :ainavt.lc.lethalconfig] wexop.random_enemies_size : RandomEnemiesSize : 1.0.0
[Info   :ainavt.lc.lethalconfig] Generated 1 mod entries.
[Info   :ainavt.lc.lethalconfig] Generated 13 configs, of which 2 were missing and registered.
[Info   : Unity Log] host button pressed
[Info   : Unity Log] Returning week num: 22
[Info   : Unity Log] AAAAAA
[Info   : Unity Log] 0
[Info   : Unity Log] 0
[Info   : Unity Log] AAAAAA
[Info   : Unity Log] 0
[Info   : Unity Log] 1
[Info   : Unity Log] AAAAAA
[Info   : Unity Log] 0
[Info   : Unity Log] 2
[Info   : Unity Log] AAAAAA
[Info   : Unity Log] 0
[Info   : Unity Log] -1
[Info   : Unity Log] Returning week num: 22
[Info   : Unity Log] host button pressed
[Info   : Unity Log] Displaying menu message
[Info   : Unity Log] Connection approval callback! Game version of client request: 
[Info   : Unity Log] Joining client id: 0; Local/host client id: 0
[Info   : Unity Log] Stopped connection approval callback, as the client in question was the host!
[Warning: Unity Log] [Netcode] You cannot decline the host connection. The connection was automatically approved.
[Info   : Unity Log] started host!
[Info   : Unity Log] are we in a server?: True
[Info   : Unity Log] Lobby has been created
[Warning: Unity Log] [Dissonance:Recording] (20:07:23.316) BasePreprocessingPipeline: Lost 960 samples in the preprocessor (buffer full), injecting silence to compensate
[Warning: Unity Log] [Dissonance:Recording] (20:07:23.484) CapturePipelineManager: Detected a frame skip, forcing capture pipeline reset (Delta Time:0,2638235)
[Warning: Unity Log] [Dissonance:Recording] (20:07:25.882) BasePreprocessingPipeline: Lost 960 samples in the preprocessor (buffer full), injecting silence to compensate
[Warning: Unity Log] [Dissonance:Recording] (20:07:25.884) CapturePipelineManager: Detected a frame skip, forcing capture pipeline reset (Delta Time:0,2952427)
[Info   :LethalLevelLoader] LethalLevelLoader Loaded The Following ExtendedLevels:
1. 41 Experimentation (Vanilla)
2. 220 Assurance (Vanilla)
3. 56 Vow (Vanilla)
4. 71 Gordion (Vanilla)
5. 61 March (Vanilla)
6. 20 Adamance (Vanilla)
7. 85 Rend (Vanilla)
8. 7 Dine (Vanilla)
9. 21 Offense (Vanilla)
10. 8 Titan (Vanilla)
11. 68 Artifice (Vanilla)
12. 44 Liquidation (Vanilla)
13. 5 Embrion (Vanilla)
14. FartZone (Custom)

[Info   :LethalLevelLoader] LethalLevelLoader Loaded The Following ExtendedDungeonFlows:
1. Facility (Level1Flow) (Vanilla)
2. Haunted Mansion (Level2Flow) (Vanilla)
3. Facility (Level1FlowExtraLarge) (Vanilla)
4. Facility (Level1Flow3Exits) (Vanilla)

[Debug  :MaxWasUnavailable.LethalModDataLib] Loading data from file LCSaveFile1.moddata with key LethalLevelLoader.LLLSaveFile.LLLSaveFile1.customItemDictionary...
[Debug  :MaxWasUnavailable.LethalModDataLib] Loading data from file LCSaveFile1.moddata with key LethalLevelLoader.LLLSaveFile.LLLSaveFile1.allItemsList...
[Debug  :MaxWasUnavailable.LethalModDataLib] Loading data from file LCSaveFile1.moddata with key LethalLevelLoader.LLLSaveFile.LLLSaveFile1.itemSaveDataList...
[Debug  :MaxWasUnavailable.LethalModDataLib] Loading data from file LCSaveFile1.moddata with key LethalLevelLoader.LLLSaveFile.LLLSaveFile1.itemSaveData...
[Debug  :MaxWasUnavailable.LethalModDataLib] Loading data from file LCSaveFile1.moddata with key LethalLevelLoader.LLLSaveFile.LLLSaveFile1.CurrentLevelName...
[Info   :LethalLevelLoader] Initialized LLL Save File, Current Level Was: , Current Vanilla Save Is: LCSaveFile1
[Info   :LethalLevelLoader] LethalLevelLoader Has Finished Initializing.
[Info   : Unity Log] Enabling connection callbacks in StartOfRound
[Info   : Unity Log] Began listening to SceneManager_OnLoadComplete1 on this client
[Info   : LethalLib] Adding 0 unlockables to unlockables list
[Info   : LethalLib] Adding 0 items to terminal
[Warning: Unity Log] damageTrigger is disabled! Netcode for GameObjects does not support spawning disabled NetworkBehaviours! The InteractTrigger component was skipped during spawn!
[Info   : LethalLib] Found 0 prefabs to fix
[Info   : Unity Log] level id: 0
[Info   : Unity Log] Changing level
[Info   :LethalLevelLoader] Saving Current SelectableLevel: 41 Experimentation
[Debug  :MaxWasUnavailable.LethalModDataLib] Saving data to file LCSaveFile1.moddata with key LethalLevelLoader.LLLSaveFile.LLLSaveFile1.customItemDictionary...
[Debug  :MaxWasUnavailable.LethalModDataLib] Saving data to file LCSaveFile1.moddata with key LethalLevelLoader.LLLSaveFile.LLLSaveFile1.allItemsList...
[Debug  :MaxWasUnavailable.LethalModDataLib] Saving data to file LCSaveFile1.moddata with key LethalLevelLoader.LLLSaveFile.LLLSaveFile1.itemSaveDataList...
[Debug  :MaxWasUnavailable.LethalModDataLib] Saving data to file LCSaveFile1.moddata with key LethalLevelLoader.LLLSaveFile.LLLSaveFile1.itemSaveData...
[Debug  :MaxWasUnavailable.LethalModDataLib] Saving data to file LCSaveFile1.moddata with key LethalLevelLoader.LLLSaveFile.LLLSaveFile1.CurrentLevelName...
[Info   : Unity Log] Item sales percentages #0: 0
[Info   : Unity Log] Item sales percentages #1: 0
[Info   : Unity Log] Item sales percentages #2: 0
[Info   : Unity Log] Item sales percentages #3: 0
[Info   : Unity Log] Item sales percentages #4: 0
[Info   : Unity Log] Item sales percentages #5: 0
[Info   : Unity Log] Item sales percentages #6: 0
[Info   : Unity Log] Item sales percentages #7: 0
[Info   : Unity Log] Item sales percentages #8: 0
[Info   : Unity Log] Item sales percentages #9: 0
[Info   : Unity Log] Item sales percentages #10: 0
[Info   : Unity Log] Item sales percentages #11: 0
[Info   : Unity Log] Item sales percentages #12: 0
[Warning: Unity Log] NetworkVariable is written to, but doesn't know its NetworkBehaviour yet. Are you modifying a NetworkVariable before the NetworkObject is spawned?
[Info   : Unity Log] Suits: 1
[Info   : Unity Log] Suit #0: 0
[Info   : Unity Log] pos: (-2.45, 2.75, -8.41); rot: (0.00, 90.00, 0.00)
[Info   : Unity Log] Key 'shipGrabbableItems' does not exist
[Info   : Unity Log] Item sales percentages #0: 0
[Info   : Unity Log] Item sales percentages #1: 0
[Info   : Unity Log] Item sales percentages #2: 0
[Info   : Unity Log] Item sales percentages #3: 0
[Info   : Unity Log] Item sales percentages #4: 0
[Info   : Unity Log] Item sales percentages #5: 0
[Info   : Unity Log] Item sales percentages #6: 0
[Info   : Unity Log] Item sales percentages #7: 0
[Info   : Unity Log] Item sales percentages #8: 0
[Info   : Unity Log] Item sales percentages #9: 0
[Info   : Unity Log] Item sales percentages #10: 0
[Info   : Unity Log] Item sales percentages #11: 0
[Info   : Unity Log] Item sales percentages #12: 0
[Info   : Unity Log] Group credits: 60
[Info   :ainavt.lc.lethalconfig] Injecting mod config menu into quick menu...
[Warning:LethalLevelLoader] Disabling LethalLib Dungeon.RoundManager_Start() Function To Prevent Conflicts
[Info   : Unity Log] Called teleport function on Player
[Info   : Unity Log] Taking control of player Player and enabling camera!
[Info   : Unity Log] Called teleport function on Player (1)
[Info   : Unity Log] Called teleport function on Player (2)
[Info   : Unity Log] Called teleport function on Player (3)
[Info   : Unity Log] Starting voice tracking for player: Wexop
[Info   : Unity Log] !!!! ENABLING CAMERA FOR PLAYER: Player
[Info   : Unity Log] !!!! connectedPlayersAmount: 0
[Info   : Unity Log] Has beta?: {hasBeta}
[Info   : Unity Log] Has beta save data: True
[Warning: Unity Log] BoxColliders does not support negative scale or size.
The effective box size has been forced positive and is likely to give unexpected collision geometry.
If you absolutely need to use negative scaling you can use the convex MeshCollider. Scene hierarchy path "Environment/HangarShip/LightSwitchContainer/PlacementCollider"
[Warning: Unity Log] BoxColliders does not support negative scale or size.
The effective box size has been forced positive and is likely to give unexpected collision geometry.
If you absolutely need to use negative scaling you can use the convex MeshCollider. Scene hierarchy path "Environment/HangarShip/Cube"
[Warning: Unity Log] BoxColliders does not support negative scale or size.
The effective box size has been forced positive and is likely to give unexpected collision geometry.
If you absolutely need to use negative scaling you can use the convex MeshCollider. Scene hierarchy path "Environment/HangarShip/AnimatedShipDoor/HangarDoorLeft (1)"
[Warning: Unity Log] BoxColliders does not support negative scale or size.
The effective box size has been forced positive and is likely to give unexpected collision geometry.
If you absolutely need to use negative scaling you can use the convex MeshCollider. Scene hierarchy path "Environment/HangarShip/ShipBottomColliders/Cube (1)"
[Warning: Unity Log] BoxColliders does not support negative scale or size.
The effective box size has been forced positive and is likely to give unexpected collision geometry.
If you absolutely need to use negative scaling you can use the convex MeshCollider. Scene hierarchy path "Environment/HangarShip/ControlDesk.001"
[Warning: Unity Log] BoxColliders does not support negative scale or size.
The effective box size has been forced positive and is likely to give unexpected collision geometry.
If you absolutely need to use negative scaling you can use the convex MeshCollider. Scene hierarchy path "Environment/HangarShip/ShipBottomColliders/Cube (3)"
[Warning: Unity Log] BoxColliders does not support negative scale or size.
The effective box size has been forced positive and is likely to give unexpected collision geometry.
If you absolutely need to use negative scaling you can use the convex MeshCollider. Scene hierarchy path "Environment/HangarShip/ShipBottomColliders/Cube (7)"
[Warning: Unity Log] BoxColliders does not support negative scale or size.
The effective box size has been forced positive and is likely to give unexpected collision geometry.
If you absolutely need to use negative scaling you can use the convex MeshCollider. Scene hierarchy path "Environment/HangarShip/ShipBottomColliders/Cube (6)"
[Warning: Unity Log] BoxColliders does not support negative scale or size.
The effective box size has been forced positive and is likely to give unexpected collision geometry.
If you absolutely need to use negative scaling you can use the convex MeshCollider. Scene hierarchy path "Environment/HangarShip/ShipBottomColliders/Cube (8)"
[Warning: Unity Log] BoxColliders does not support negative scale or size.
The effective box size has been forced positive and is likely to give unexpected collision geometry.
If you absolutely need to use negative scaling you can use the convex MeshCollider. Scene hierarchy path "Environment/HangarShip/ShipBottomColliders/Cube (5)"
[Warning: Unity Log] BoxColliders does not support negative scale or size.
The effective box size has been forced positive and is likely to give unexpected collision geometry.
If you absolutely need to use negative scaling you can use the convex MeshCollider. Scene hierarchy path "Environment/HangarShip/ShipBottomColliders/Cube (4)"
[Warning: Unity Log] BoxColliders does not support negative scale or size.
The effective box size has been forced positive and is likely to give unexpected collision geometry.
If you absolutely need to use negative scaling you can use the convex MeshCollider. Scene hierarchy path "Environment/HangarShip/StorageCloset/Cube.000/Cube"
[Info   : Unity Log] Discarding changed settings
[Info   : Unity Log] Leaving current lobby
[Info   : Unity Log] Disconnecting and setting networkobjects to destroy with owner
[Info   : Unity Log] Got no ship grabbable items to save.
[Info   : Unity Log] Shutting down and disconnecting from server. Is host?: True
[Warning: Unity Log] [Dissonance:Recording] (20:08:35.842) BasePreprocessingPipeline: Lost 960 samples in the preprocessor (buffer full), injecting silence to compensate
[Warning: Unity Log] [Dissonance:Recording] (20:08:35.843) BasePreprocessingPipeline: Lost 960 samples in the preprocessor (buffer full), injecting silence to compensate
[Warning: Unity Log] [Dissonance:Recording] (20:08:35.844) BasePreprocessingPipeline: Lost 960 samples in the preprocessor (buffer full), injecting silence to compensate
[Info   : Unity Log] Resetting unlockables list!
[Info   : Unity Log] Scene manager is null
[Info   : Unity Log] Terminal disabled, disabling ESC key listener
[Info   : Unity Log] DISABLING connection callbacks in round manager
[Info   : Unity Log] Returning week num: 22
[Info   : Unity Log] week num: 22
[Info   :ainavt.lc.lethalconfig] Injecting mod config menu into main menu...
[Info   : Unity Log] host button pressed
[Info   : Unity Log] Returning week num: 22
[Info   : Unity Log] Displaying menu message
[Info   : Unity Log] Connection approval callback! Game version of client request: 
[Info   : Unity Log] Joining client id: 0; Local/host client id: 0
[Info   : Unity Log] Stopped connection approval callback, as the client in question was the host!
[Warning: Unity Log] [Netcode] You cannot decline the host connection. The connection was automatically approved.
[Info   : Unity Log] started host!
[Info   : Unity Log] are we in a server?: True
[Info   : Unity Log] Lobby has been created
[Warning: Unity Log] [Dissonance:Recording] (20:08:53.727) BasicMicrophoneCapture: Insufficient buffer space, requested 18240, clamped to 16383 (dropping 1857 samples)
[Warning: Unity Log] [Dissonance:Recording] (20:08:53.980) BasePreprocessingPipeline: Lost 960 samples in the preprocessor (buffer full), injecting silence to compensate
[Warning: Unity Log] [Dissonance:Recording] (20:08:54.011) CapturePipelineManager: Detected a frame skip, forcing capture pipeline reset (Delta Time:0,4064163)
[Debug  :MaxWasUnavailable.LethalModDataLib] Loading data from file LCSaveFile1.moddata with key LethalLevelLoader.LLLSaveFile.LLLSaveFile1.customItemDictionary...
[Debug  :MaxWasUnavailable.LethalModDataLib] Loading data from file LCSaveFile1.moddata with key LethalLevelLoader.LLLSaveFile.LLLSaveFile1.allItemsList...
[Debug  :MaxWasUnavailable.LethalModDataLib] Loading data from file LCSaveFile1.moddata with key LethalLevelLoader.LLLSaveFile.LLLSaveFile1.itemSaveDataList...
[Debug  :MaxWasUnavailable.LethalModDataLib] Loading data from file LCSaveFile1.moddata with key LethalLevelLoader.LLLSaveFile.LLLSaveFile1.itemSaveData...
[Debug  :MaxWasUnavailable.LethalModDataLib] Loading data from file LCSaveFile1.moddata with key LethalLevelLoader.LLLSaveFile.LLLSaveFile1.CurrentLevelName...
[Info   :LethalLevelLoader] Initialized LLL Save File, Current Level Was: ExperimentationLevel, Current Vanilla Save Is: LCSaveFile1
[Info   : Unity Log] Enabling connection callbacks in StartOfRound
[Info   : Unity Log] Began listening to SceneManager_OnLoadComplete1 on this client
[Info   : LethalLib] Adding 0 unlockables to unlockables list
[Info   : LethalLib] Adding 0 items to terminal
[Warning: Unity Log] damageTrigger is disabled! Netcode for GameObjects does not support spawning disabled NetworkBehaviours! The InteractTrigger component was skipped during spawn!
[Info   : LethalLib] Found 0 prefabs to fix
[Info   : Unity Log] level id: 0
[Info   : Unity Log] Changing level
[Info   :LethalLevelLoader] Saving Current SelectableLevel: 41 Experimentation
[Debug  :MaxWasUnavailable.LethalModDataLib] Saving data to file LCSaveFile1.moddata with key LethalLevelLoader.LLLSaveFile.LLLSaveFile1.customItemDictionary...
[Debug  :MaxWasUnavailable.LethalModDataLib] Saving data to file LCSaveFile1.moddata with key LethalLevelLoader.LLLSaveFile.LLLSaveFile1.allItemsList...
[Debug  :MaxWasUnavailable.LethalModDataLib] Saving data to file LCSaveFile1.moddata with key LethalLevelLoader.LLLSaveFile.LLLSaveFile1.itemSaveDataList...
[Debug  :MaxWasUnavailable.LethalModDataLib] Saving data to file LCSaveFile1.moddata with key LethalLevelLoader.LLLSaveFile.LLLSaveFile1.itemSaveData...
[Debug  :MaxWasUnavailable.LethalModDataLib] Saving data to file LCSaveFile1.moddata with key LethalLevelLoader.LLLSaveFile.LLLSaveFile1.CurrentLevelName...
[Info   : Unity Log] Item sales percentages #0: 0
[Info   : Unity Log] Item sales percentages #1: 0
[Info   : Unity Log] Item sales percentages #2: 0
[Info   : Unity Log] Item sales percentages #3: 0
[Info   : Unity Log] Item sales percentages #4: 0
[Info   : Unity Log] Item sales percentages #5: 0
[Info   : Unity Log] Item sales percentages #6: 0
[Info   : Unity Log] Item sales percentages #7: 0
[Info   : Unity Log] Item sales percentages #8: 0
[Info   : Unity Log] Item sales percentages #9: 0
[Info   : Unity Log] Item sales percentages #10: 0
[Info   : Unity Log] Item sales percentages #11: 0
[Info   : Unity Log] Item sales percentages #12: 0
[Warning: Unity Log] NetworkVariable is written to, but doesn't know its NetworkBehaviour yet. Are you modifying a NetworkVariable before the NetworkObject is spawned?
[Info   : Unity Log] Suits: 1
[Info   : Unity Log] Suit #0: 0
[Info   : Unity Log] pos: (-2.45, 2.75, -8.41); rot: (0.00, 90.00, 0.00)
[Info   : Unity Log] Key 'shipGrabbableItems' does not exist
[Info   : Unity Log] Item sales percentages #0: 0
[Info   : Unity Log] Item sales percentages #1: 0
[Info   : Unity Log] Item sales percentages #2: 0
[Info   : Unity Log] Item sales percentages #3: 0
[Info   : Unity Log] Item sales percentages #4: 0
[Info   : Unity Log] Item sales percentages #5: 0
[Info   : Unity Log] Item sales percentages #6: 0
[Info   : Unity Log] Item sales percentages #7: 0
[Info   : Unity Log] Item sales percentages #8: 0
[Info   : Unity Log] Item sales percentages #9: 0
[Info   : Unity Log] Item sales percentages #10: 0
[Info   : Unity Log] Item sales percentages #11: 0
[Info   : Unity Log] Item sales percentages #12: 0
[Info   : Unity Log] Group credits: 60
[Info   :ainavt.lc.lethalconfig] Injecting mod config menu into quick menu...
[Warning:LethalLevelLoader] Disabling LethalLib Dungeon.RoundManager_Start() Function To Prevent Conflicts
[Info   : Unity Log] Called teleport function on Player
[Info   : Unity Log] Taking control of player Player and enabling camera!
[Info   : Unity Log] Called teleport function on Player (1)
[Info   : Unity Log] Called teleport function on Player (2)
[Info   : Unity Log] Called teleport function on Player (3)
[Info   : Unity Log] Starting voice tracking for player: Wexop
[Info   : Unity Log] !!!! ENABLING CAMERA FOR PLAYER: Player
[Info   : Unity Log] !!!! connectedPlayersAmount: 0
[Warning: Unity Log] dxgi: swapchain SetFullscreenState failed (887a0022).
[Info   : Unity Log] Has beta?: {hasBeta}
[Info   : Unity Log] Has beta save data: True
[Warning: Unity Log] dxgi: swapchain SetFullscreenState failed (887a0022).
[Warning: Unity Log] BoxColliders does not support negative scale or size.
The effective box size has been forced positive and is likely to give unexpected collision geometry.
If you absolutely need to use negative scaling you can use the convex MeshCollider. Scene hierarchy path "Environment/HangarShip/LightSwitchContainer/PlacementCollider"
[Warning: Unity Log] BoxColliders does not support negative scale or size.
The effective box size has been forced positive and is likely to give unexpected collision geometry.
If you absolutely need to use negative scaling you can use the convex MeshCollider. Scene hierarchy path "Environment/HangarShip/Cube"
[Warning: Unity Log] BoxColliders does not support negative scale or size.
The effective box size has been forced positive and is likely to give unexpected collision geometry.
If you absolutely need to use negative scaling you can use the convex MeshCollider. Scene hierarchy path "Environment/HangarShip/AnimatedShipDoor/HangarDoorLeft (1)"
[Warning: Unity Log] BoxColliders does not support negative scale or size.
The effective box size has been forced positive and is likely to give unexpected collision geometry.
If you absolutely need to use negative scaling you can use the convex MeshCollider. Scene hierarchy path "Environment/HangarShip/ShipBottomColliders/Cube (1)"
[Warning: Unity Log] BoxColliders does not support negative scale or size.
The effective box size has been forced positive and is likely to give unexpected collision geometry.
If you absolutely need to use negative scaling you can use the convex MeshCollider. Scene hierarchy path "Environment/HangarShip/ControlDesk.001"
[Warning: Unity Log] BoxColliders does not support negative scale or size.
The effective box size has been forced positive and is likely to give unexpected collision geometry.
If you absolutely need to use negative scaling you can use the convex MeshCollider. Scene hierarchy path "Environment/HangarShip/ShipBottomColliders/Cube (3)"
[Warning: Unity Log] BoxColliders does not support negative scale or size.
The effective box size has been forced positive and is likely to give unexpected collision geometry.
If you absolutely need to use negative scaling you can use the convex MeshCollider. Scene hierarchy path "Environment/HangarShip/ShipBottomColliders/Cube (7)"
[Warning: Unity Log] BoxColliders does not support negative scale or size.
The effective box size has been forced positive and is likely to give unexpected collision geometry.
If you absolutely need to use negative scaling you can use the convex MeshCollider. Scene hierarchy path "Environment/HangarShip/ShipBottomColliders/Cube (6)"
[Warning: Unity Log] BoxColliders does not support negative scale or size.
The effective box size has been forced positive and is likely to give unexpected collision geometry.
If you absolutely need to use negative scaling you can use the convex MeshCollider. Scene hierarchy path "Environment/HangarShip/ShipBottomColliders/Cube (8)"
[Warning: Unity Log] BoxColliders does not support negative scale or size.
The effective box size has been forced positive and is likely to give unexpected collision geometry.
If you absolutely need to use negative scaling you can use the convex MeshCollider. Scene hierarchy path "Environment/HangarShip/ShipBottomColliders/Cube (5)"
[Warning: Unity Log] BoxColliders does not support negative scale or size.
The effective box size has been forced positive and is likely to give unexpected collision geometry.
If you absolutely need to use negative scaling you can use the convex MeshCollider. Scene hierarchy path "Environment/HangarShip/ShipBottomColliders/Cube (4)"
[Warning: Unity Log] Failed to change display to ExclusiveFullscreen...reverting to FullscreenWindow
[Warning: Unity Log] [Dissonance:Recording] (20:08:56.641) CapturePipelineManager: Detected a frame skip, forcing capture pipeline reset (Delta Time:0,2031061)
[Warning: Unity Log] BoxColliders does not support negative scale or size.
The effective box size has been forced positive and is likely to give unexpected collision geometry.
If you absolutely need to use negative scaling you can use the convex MeshCollider. Scene hierarchy path "Environment/HangarShip/StorageCloset/Cube.000/Cube"
[Info   : Unity Log] Player joined w steamId: 76561198114494746
[Warning: Unity Log] [Dissonance:Recording] (20:09:41.171) CapturePipelineManager: Detected a frame skip, forcing capture pipeline reset (Delta Time:0,4928632)
[Warning: Unity Log] [Netcode] NetworkConfig mismatch. The configuration between the server and client does not match
[Info   : Unity Log] Disconnect callback called
[Info   : Unity Log] Is server: True; ishost: True; isConnectedClient: True
[Info   : Unity Log] Disconnect callback called in gamenetworkmanager; disconnecting clientId: 1
[Info   : Unity Log] A Player disconnected but they were not in clientplayerlist
[Info   : Unity Log] Player joined w steamId: 76561198114494746
[Warning: Unity Log] [Netcode] NetworkConfig mismatch. The configuration between the server and client does not match
[Info   : Unity Log] Disconnect callback called
[Info   : Unity Log] Is server: True; ishost: True; isConnectedClient: True
[Info   : Unity Log] Disconnect callback called in gamenetworkmanager; disconnecting clientId: 2
[Info   : Unity Log] A Player disconnected but they were not in clientplayerlist
[Info   : Unity Log] Leaving current lobby
[Info   : Unity Log] Disconnecting and setting networkobjects to destroy with owner
[Info   : Unity Log] Got no ship grabbable items to save.
[Info   : Unity Log] Shutting down and disconnecting from server. Is host?: True
[Warning: Unity Log] [Dissonance:Recording] (20:10:08.738) BasePreprocessingPipeline: Lost 960 samples in the preprocessor (buffer full), injecting silence to compensate
[Warning: Unity Log] [Dissonance:Recording] (20:10:08.738) BasePreprocessingPipeline: Lost 480 samples in the preprocessor (buffer full), injecting silence to compensate
[Warning: Unity Log] [Dissonance:Recording] (20:10:08.739) BasePreprocessingPipeline: Lost 960 samples in the preprocessor (buffer full), injecting silence to compensate
[Info   : Unity Log] Resetting unlockables list!
[Info   : Unity Log] Scene manager is null
[Info   : Unity Log] Terminal disabled, disabling ESC key listener
[Info   : Unity Log] DISABLING connection callbacks in round manager
[Info   : Unity Log] Returning week num: 22
[Info   : Unity Log] week num: 22
[Info   :ainavt.lc.lethalconfig] Injecting mod config menu into main menu...
[Info   : Unity Log] host button pressed
[Info   : Unity Log] Returning week num: 22
[Info   : Unity Log] AAAAAA
[Info   : Unity Log] 0
[Info   : Unity Log] 0
[Info   : Unity Log] AAAAAA
[Info   : Unity Log] 0
[Info   : Unity Log] 1
[Info   : Unity Log] AAAAAA
[Info   : Unity Log] 0
[Info   : Unity Log] 2
[Info   : Unity Log] AAAAAA
[Info   : Unity Log] 0
[Info   : Unity Log] -1
[Info   : Unity Log] Returning week num: 22
[Info   : Unity Log] host button pressed
[Info   : Unity Log] Displaying menu message
[Info   : Unity Log] Connection approval callback! Game version of client request: 
[Info   : Unity Log] Joining client id: 0; Local/host client id: 0
[Info   : Unity Log] Stopped connection approval callback, as the client in question was the host!
[Warning: Unity Log] [Netcode] You cannot decline the host connection. The connection was automatically approved.
[Info   : Unity Log] started host!
[Info   : Unity Log] are we in a server?: True
[Info   : Unity Log] Lobby has been created
[Warning: Unity Log] [Dissonance:Recording] (20:10:14.081) BasicMicrophoneCapture: Insufficient buffer space, requested 20160, clamped to 16383 (dropping 3777 samples)
[Warning: Unity Log] [Dissonance:Recording] (20:10:14.123) BasePreprocessingPipeline: Lost 480 samples in the preprocessor (buffer full), injecting silence to compensate
[Warning: Unity Log] [Dissonance:Recording] (20:10:14.130) CapturePipelineManager: Detected a frame skip, forcing capture pipeline reset (Delta Time:0,3214913)
[Debug  :MaxWasUnavailable.LethalModDataLib] Loading data from file LCSaveFile1.moddata with key LethalLevelLoader.LLLSaveFile.LLLSaveFile1.customItemDictionary...
[Debug  :MaxWasUnavailable.LethalModDataLib] Loading data from file LCSaveFile1.moddata with key LethalLevelLoader.LLLSaveFile.LLLSaveFile1.allItemsList...
[Debug  :MaxWasUnavailable.LethalModDataLib] Loading data from file LCSaveFile1.moddata with key LethalLevelLoader.LLLSaveFile.LLLSaveFile1.itemSaveDataList...
[Debug  :MaxWasUnavailable.LethalModDataLib] Loading data from file LCSaveFile1.moddata with key LethalLevelLoader.LLLSaveFile.LLLSaveFile1.itemSaveData...
[Debug  :MaxWasUnavailable.LethalModDataLib] Loading data from file LCSaveFile1.moddata with key LethalLevelLoader.LLLSaveFile.LLLSaveFile1.CurrentLevelName...
[Info   :LethalLevelLoader] Initialized LLL Save File, Current Level Was: , Current Vanilla Save Is: LCSaveFile1
[Info   : Unity Log] Enabling connection callbacks in StartOfRound
[Info   : Unity Log] Began listening to SceneManager_OnLoadComplete1 on this client
[Info   : LethalLib] Adding 0 unlockables to unlockables list
[Info   : LethalLib] Adding 0 items to terminal
[Warning: Unity Log] damageTrigger is disabled! Netcode for GameObjects does not support spawning disabled NetworkBehaviours! The InteractTrigger component was skipped during spawn!
[Info   : LethalLib] Found 0 prefabs to fix
[Info   : Unity Log] level id: 0
[Info   : Unity Log] Changing level
[Info   :LethalLevelLoader] Saving Current SelectableLevel: 41 Experimentation
[Debug  :MaxWasUnavailable.LethalModDataLib] Saving data to file LCSaveFile1.moddata with key LethalLevelLoader.LLLSaveFile.LLLSaveFile1.customItemDictionary...
[Debug  :MaxWasUnavailable.LethalModDataLib] Saving data to file LCSaveFile1.moddata with key LethalLevelLoader.LLLSaveFile.LLLSaveFile1.allItemsList...
[Debug  :MaxWasUnavailable.LethalModDataLib] Saving data to file LCSaveFile1.moddata with key LethalLevelLoader.LLLSaveFile.LLLSaveFile1.itemSaveDataList...
[Debug  :MaxWasUnavailable.LethalModDataLib] Saving data to file LCSaveFile1.moddata with key LethalLevelLoader.LLLSaveFile.LLLSaveFile1.itemSaveData...
[Debug  :MaxWasUnavailable.LethalModDataLib] Saving data to file LCSaveFile1.moddata with key LethalLevelLoader.LLLSaveFile.LLLSaveFile1.CurrentLevelName...
[Info   : Unity Log] Item sales percentages #0: 0
[Info   : Unity Log] Item sales percentages #1: 0
[Info   : Unity Log] Item sales percentages #2: 0
[Info   : Unity Log] Item sales percentages #3: 0
[Info   : Unity Log] Item sales percentages #4: 0
[Info   : Unity Log] Item sales percentages #5: 0
[Info   : Unity Log] Item sales percentages #6: 0
[Info   : Unity Log] Item sales percentages #7: 0
[Info   : Unity Log] Item sales percentages #8: 0
[Info   : Unity Log] Item sales percentages #9: 0
[Info   : Unity Log] Item sales percentages #10: 0
[Info   : Unity Log] Item sales percentages #11: 0
[Info   : Unity Log] Item sales percentages #12: 0
[Warning: Unity Log] NetworkVariable is written to, but doesn't know its NetworkBehaviour yet. Are you modifying a NetworkVariable before the NetworkObject is spawned?
[Info   : Unity Log] Suits: 1
[Info   : Unity Log] Suit #0: 0
[Info   : Unity Log] pos: (-2.45, 2.75, -8.41); rot: (0.00, 90.00, 0.00)
[Info   : Unity Log] Key 'shipGrabbableItems' does not exist
[Info   : Unity Log] Item sales percentages #0: 0
[Info   : Unity Log] Item sales percentages #1: 0
[Info   : Unity Log] Item sales percentages #2: 0
[Info   : Unity Log] Item sales percentages #3: 0
[Info   : Unity Log] Item sales percentages #4: 0
[Info   : Unity Log] Item sales percentages #5: 0
[Info   : Unity Log] Item sales percentages #6: 0
[Info   : Unity Log] Item sales percentages #7: 0
[Info   : Unity Log] Item sales percentages #8: 0
[Info   : Unity Log] Item sales percentages #9: 0
[Info   : Unity Log] Item sales percentages #10: 0
[Info   : Unity Log] Item sales percentages #11: 0
[Info   : Unity Log] Item sales percentages #12: 0
[Info   : Unity Log] Group credits: 60
[Info   :ainavt.lc.lethalconfig] Injecting mod config menu into quick menu...
[Warning:LethalLevelLoader] Disabling LethalLib Dungeon.RoundManager_Start() Function To Prevent Conflicts
[Warning: Unity Log] BoxColliders does not support negative scale or size.
The effective box size has been forced positive and is likely to give unexpected collision geometry.
If you absolutely need to use negative scaling you can use the convex MeshCollider. Scene hierarchy path "Environment/HangarShip/LightSwitchContainer/PlacementCollider"
[Warning: Unity Log] BoxColliders does not support negative scale or size.
The effective box size has been forced positive and is likely to give unexpected collision geometry.
If you absolutely need to use negative scaling you can use the convex MeshCollider. Scene hierarchy path "Environment/HangarShip/Cube"
[Warning: Unity Log] BoxColliders does not support negative scale or size.
The effective box size has been forced positive and is likely to give unexpected collision geometry.
If you absolutely need to use negative scaling you can use the convex MeshCollider. Scene hierarchy path "Environment/HangarShip/AnimatedShipDoor/HangarDoorLeft (1)"
[Warning: Unity Log] BoxColliders does not support negative scale or size.
The effective box size has been forced positive and is likely to give unexpected collision geometry.
If you absolutely need to use negative scaling you can use the convex MeshCollider. Scene hierarchy path "Environment/HangarShip/ShipBottomColliders/Cube (1)"
[Warning: Unity Log] BoxColliders does not support negative scale or size.
The effective box size has been forced positive and is likely to give unexpected collision geometry.
If you absolutely need to use negative scaling you can use the convex MeshCollider. Scene hierarchy path "Environment/HangarShip/ControlDesk.001"
[Warning: Unity Log] BoxColliders does not support negative scale or size.
The effective box size has been forced positive and is likely to give unexpected collision geometry.
If you absolutely need to use negative scaling you can use the convex MeshCollider. Scene hierarchy path "Environment/HangarShip/ShipBottomColliders/Cube (3)"
[Warning: Unity Log] BoxColliders does not support negative scale or size.
The effective box size has been forced positive and is likely to give unexpected collision geometry.
If you absolutely need to use negative scaling you can use the convex MeshCollider. Scene hierarchy path "Environment/HangarShip/ShipBottomColliders/Cube (7)"
[Warning: Unity Log] BoxColliders does not support negative scale or size.
The effective box size has been forced positive and is likely to give unexpected collision geometry.
If you absolutely need to use negative scaling you can use the convex MeshCollider. Scene hierarchy path "Environment/HangarShip/StorageCloset/Cube.000/Cube"
[Warning: Unity Log] BoxColliders does not support negative scale or size.
The effective box size has been forced positive and is likely to give unexpected collision geometry.
If you absolutely need to use negative scaling you can use the convex MeshCollider. Scene hierarchy path "Environment/HangarShip/ShipBottomColliders/Cube (6)"
[Warning: Unity Log] BoxColliders does not support negative scale or size.
The effective box size has been forced positive and is likely to give unexpected collision geometry.
If you absolutely need to use negative scaling you can use the convex MeshCollider. Scene hierarchy path "Environment/HangarShip/ShipBottomColliders/Cube (8)"
[Warning: Unity Log] BoxColliders does not support negative scale or size.
The effective box size has been forced positive and is likely to give unexpected collision geometry.
If you absolutely need to use negative scaling you can use the convex MeshCollider. Scene hierarchy path "Environment/HangarShip/ShipBottomColliders/Cube (5)"
[Warning: Unity Log] BoxColliders does not support negative scale or size.
The effective box size has been forced positive and is likely to give unexpected collision geometry.
If you absolutely need to use negative scaling you can use the convex MeshCollider. Scene hierarchy path "Environment/HangarShip/ShipBottomColliders/Cube (4)"
[Info   : Unity Log] Called teleport function on Player
[Info   : Unity Log] Taking control of player Player and enabling camera!
[Info   : Unity Log] Called teleport function on Player (1)
[Info   : Unity Log] Called teleport function on Player (2)
[Info   : Unity Log] Called teleport function on Player (3)
[Info   : Unity Log] Starting voice tracking for player: Wexop
[Info   : Unity Log] !!!! ENABLING CAMERA FOR PLAYER: Player
[Info   : Unity Log] !!!! connectedPlayersAmount: 0
[Info   : Unity Log] Has beta?: {hasBeta}
[Info   : Unity Log] Has beta save data: True
[Warning: Unity Log] [Dissonance:Recording] (20:10:17.508) BasePreprocessingPipeline: Lost 960 samples in the preprocessor (buffer full), injecting silence to compensate
[Warning: Unity Log] [Dissonance:Recording] (20:10:17.534) CapturePipelineManager: Detected a frame skip, forcing capture pipeline reset (Delta Time:0,3203057)
[Warning: Unity Log] [Dissonance:Recording] (20:10:27.870) BasePreprocessingPipeline: Lost 960 samples in the preprocessor (buffer full), injecting silence to compensate
[Warning: Unity Log] [Dissonance:Recording] (20:10:27.877) CapturePipelineManager: Detected a frame skip, forcing capture pipeline reset (Delta Time:0,3228778)
[Warning: Unity Log] [Dissonance:Recording] (20:10:38.123) BasePreprocessingPipeline: Lost 960 samples in the preprocessor (buffer full), injecting silence to compensate
[Warning: Unity Log] [Dissonance:Recording] (20:10:38.140) CapturePipelineManager: Detected a frame skip, forcing capture pipeline reset (Delta Time:0,2454935)
[Info   : Unity Log] Player joined w steamId: 76561198114494746
[Warning: Unity Log] [Netcode] NetworkConfig mismatch. The configuration between the server and client does not match
[Info   : Unity Log] Disconnect callback called
[Info   : Unity Log] Is server: True; ishost: True; isConnectedClient: True
[Info   : Unity Log] Disconnect callback called in gamenetworkmanager; disconnecting clientId: 3
[Info   : Unity Log] A Player disconnected but they were not in clientplayerlist
[Info   : Unity Log] Player joined w steamId: 76561198114494746
[Warning: Unity Log] [Netcode] NetworkConfig mismatch. The configuration between the server and client does not match
[Info   : Unity Log] Disconnect callback called
[Info   : Unity Log] Is server: True; ishost: True; isConnectedClient: True
[Info   : Unity Log] Disconnect callback called in gamenetworkmanager; disconnecting clientId: 4
[Info   : Unity Log] A Player disconnected but they were not in clientplayerlist
[Warning: Unity Log] [Dissonance:Recording] (20:11:13.941) BasePreprocessingPipeline: Lost 960 samples in the preprocessor (buffer full), injecting silence to compensate
[Warning: Unity Log] [Dissonance:Recording] (20:11:13.948) CapturePipelineManager: Detected a frame skip, forcing capture pipeline reset (Delta Time:0,2996201)
[Warning: Unity Log] [Dissonance:Recording] (20:11:16.342) BasePreprocessingPipeline: Lost 960 samples in the preprocessor (buffer full), injecting silence to compensate
[Warning: Unity Log] [Dissonance:Recording] (20:11:16.358) CapturePipelineManager: Detected a frame skip, forcing capture pipeline reset (Delta Time:0,2457394)
[Warning: Unity Log] [Dissonance:Recording] (20:11:49.747) BasePreprocessingPipeline: Lost 960 samples in the preprocessor (buffer full), injecting silence to compensate
[Warning: Unity Log] [Dissonance:Recording] (20:11:49.756) CapturePipelineManager: Detected a frame skip, forcing capture pipeline reset (Delta Time:0,3098169)
[Warning: Unity Log] [Dissonance:Recording] (20:11:52.337) BasePreprocessingPipeline: Lost 960 samples in the preprocessor (buffer full), injecting silence to compensate
[Warning: Unity Log] [Dissonance:Recording] (20:11:52.436) CapturePipelineManager: Detected a frame skip, forcing capture pipeline reset (Delta Time:0,3594334)
[Info   : Unity Log] Player joined w steamId: 76561198114494746
[Warning: Unity Log] [Netcode] NetworkConfig mismatch. The configuration between the server and client does not match
[Info   : Unity Log] Disconnect callback called
[Info   : Unity Log] Is server: True; ishost: True; isConnectedClient: True
[Info   : Unity Log] Disconnect callback called in gamenetworkmanager; disconnecting clientId: 5
[Info   : Unity Log] A Player disconnected but they were not in clientplayerlist
[Warning: Unity Log] [Dissonance:Recording] (20:12:00.731) BasePreprocessingPipeline: Lost 480 samples in the preprocessor (buffer full), injecting silence to compensate
[Warning: Unity Log] [Dissonance:Recording] (20:12:00.733) BasePreprocessingPipeline: Lost 480 samples in the preprocessor (buffer full), injecting silence to compensate
[Warning: Unity Log] [Dissonance:Recording] (20:12:00.734) BasePreprocessingPipeline: Lost 960 samples in the preprocessor (buffer full), injecting silence to compensate
[Warning: Unity Log] [Dissonance:Recording] (20:12:00.735) CapturePipelineManager: Detected a frame skip, forcing capture pipeline reset (Delta Time:0,2956928)
[Info   : Unity Log] Leaving current lobby
[Info   : Unity Log] Disconnecting and setting networkobjects to destroy with owner
[Info   : Unity Log] Got no ship grabbable items to save.
[Info   : Unity Log] Shutting down and disconnecting from server. Is host?: True
[Warning: Unity Log] [Dissonance:Recording] (20:12:02.251) BasePreprocessingPipeline: Lost 480 samples in the preprocessor (buffer full), injecting silence to compensate
[Warning: Unity Log] [Dissonance:Recording] (20:12:02.251) BasePreprocessingPipeline: Lost 960 samples in the preprocessor (buffer full), injecting silence to compensate
[Warning: Unity Log] [Dissonance:Recording] (20:12:02.252) BasePreprocessingPipeline: Lost 480 samples in the preprocessor (buffer full), injecting silence to compensate
[Info   : Unity Log] Resetting unlockables list!
[Info   : Unity Log] Scene manager is null
[Info   : Unity Log] DISABLING connection callbacks in round manager
[Info   : Unity Log] Terminal disabled, disabling ESC key listener
[Info   : Unity Log] Returning week num: 22
[Info   : Unity Log] week num: 22
[Info   :ainavt.lc.lethalconfig] Injecting mod config menu into main menu...
[Info   : Unity Log] Requested server list
[Info   : Unity Log] Got lobby list!
[Info   : Unity Log] Lobby #0 id: 109775242502885755; members: 1
[Info   : Unity Log] Is lobby #0 valid?: False
[Info   : Unity Log] Lobby #1 id: 109775242501503711; members: 1
[Info   : Unity Log] Is lobby #1 valid?: False
[Info   : Unity Log] Lobby #2 id: 109775242502340145; members: 3
[Info   : Unity Log] Is lobby #2 valid?: False
[Info   : Unity Log] Lobby #3 id: 109775242489409964; members: 1
[Info   : Unity Log] Is lobby #3 valid?: False
[Info   : Unity Log] Lobby #4 id: 109775242496086198; members: 2
[Info   : Unity Log] Is lobby #4 valid?: False
[Info   : Unity Log] Lobby #5 id: 109775242501503528; members: 2
[Info   : Unity Log] Is lobby #5 valid?: False
[Info   : Unity Log] Lobby #6 id: 109775242498422657; members: 1
[Info   : Unity Log] Is lobby #6 valid?: False
[Info   : Unity Log] Lobby #7 id: 109775242501501304; members: 3
[Info   : Unity Log] Is lobby #7 valid?: False
[Info   : Unity Log] Lobby #8 id: 109775242491484808; members: 1
[Info   : Unity Log] Is lobby #8 valid?: False
[Info   : Unity Log] Lobby #9 id: 109775242502885614; members: 1
[Info   : Unity Log] Is lobby #9 valid?: False
[Info   : Unity Log] Lobby #10 id: 109775242500610238; members: 2
[Info   : Unity Log] Is lobby #10 valid?: False
[Info   : Unity Log] Lobby #11 id: 109775242500611329; members: 2
[Info   : Unity Log] Is lobby #11 valid?: False
[Info   : Unity Log] Lobby #12 id: 109775242502885679; members: 1
[Info   : Unity Log] Is lobby #12 valid?: False
[Info   : Unity Log] Lobby #13 id: 109775242500609027; members: 3
[Info   : Unity Log] Is lobby #13 valid?: False
[Info   : Unity Log] Lobby #14 id: 109775242499788954; members: 1
[Info   : Unity Log] Is lobby #14 valid?: False
[Info   : Unity Log] Lobby #15 id: 109775242502339940; members: 3
[Info   : Unity Log] Is lobby #15 valid?: False
[Info   : Unity Log] Lobby #16 id: 109775242482783141; members: 1
[Info   : Unity Log] Is lobby #16 valid?: False
[Info   : Unity Log] Lobby #17 id: 109775242501501061; members: 2
[Info   : Unity Log] Is lobby #17 valid?: False
[Info   : Unity Log] Lobby #18 id: 109775242500609262; members: 2
[Info   : Unity Log] Is lobby #18 valid?: False
[Info   : Unity Log] Lobby #19 id: 109775242499792823; members: 1
[Info   : Unity Log] Is lobby #19 valid?: False
[Info   : Unity Log] Lobby #20 id: 109775242492328492; members: 3
[Info   : Unity Log] Is lobby #20 valid?: False
[Info   : Unity Log] Lobby #21 id: 109775242501503226; members: 3
[Info   : Unity Log] Is lobby #21 valid?: False
[Info   : Unity Log] Lobby #22 id: 109775242502339053; members: 2
[Info   : Unity Log] Is lobby #22 valid?: False
[Info   : Unity Log] Lobby #23 id: 109775242501503549; members: 1
[Info   : Unity Log] Is lobby #23 valid?: False
[Info   : Unity Log] Lobby #24 id: 109775242496990350; members: 2
[Info   : Unity Log] Is lobby #24 valid?: False
[Info   : Unity Log] Lobby #25 id: 109775242502885444; members: 3
[Info   : Unity Log] Is lobby #25 valid?: False
[Info   : Unity Log] Lobby #26 id: 109775242502340467; members: 1
[Info   : Unity Log] Is lobby #26 valid?: False
[Info   : Unity Log] Lobby #27 id: 109775242501501745; members: 3
[Info   : Unity Log] Is lobby #27 valid?: False
[Info   : Unity Log] Lobby #28 id: 109775242483572357; members: 1
[Info   : Unity Log] Is lobby #28 valid?: False
[Info   : Unity Log] Lobby #29 id: 109775242499060729; members: 3
[Info   : Unity Log] Is lobby #29 valid?: False
[Info   : Unity Log] Lobby #30 id: 109775242502338620; members: 2
[Info   : Unity Log] Is lobby #30 valid?: False
[Info   : Unity Log] Lobby #31 id: 109775242492607992; members: 1
[Info   : Unity Log] Is lobby #31 valid?: False
[Info   : Unity Log] Lobby #32 id: 109775242486225059; members: 2
[Info   : Unity Log] Is lobby #32 valid?: False
[Info   : Unity Log] Lobby #33 id: 109775242494599109; members: 2
[Info   : Unity Log] Is lobby #33 valid?: False
[Info   : Unity Log] Lobby #34 id: 109775242498421920; members: 1
[Info   : Unity Log] Is lobby #34 valid?: False
[Info   : Unity Log] Lobby #35 id: 109775242502337858; members: 1
[Info   : Unity Log] Is lobby #35 valid?: False
[Info   : Unity Log] Lobby #36 id: 109775242493654940; members: 1
[Info   : Unity Log] Is lobby #36 valid?: False
[Info   : Unity Log] Lobby #37 id: 109775242474608805; members: 2
[Info   : Unity Log] Is lobby #37 valid?: False
[Info   : Unity Log] Lobby #38 id: 109775242501504876; members: 3
[Info   : Unity Log] Is lobby #38 valid?: False
[Info   : Unity Log] Lobby #39 id: 109775242498423208; members: 3
[Info   : Unity Log] Is lobby #39 valid?: False
[Info   : Unity Log] Lobby #40 id: 109775242498423035; members: 1
[Info   : Unity Log] Is lobby #40 valid?: False
[Info   : Unity Log] Lobby #41 id: 109775242502339495; members: 1
[Info   : Unity Log] Is lobby #41 valid?: False
[Info   : Unity Log] Lobby #42 id: 109775242500609544; members: 2
[Info   : Unity Log] Is lobby #42 valid?: False
[Info   : Unity Log] Lobby #43 id: 109775242499063699; members: 3
[Info   : Unity Log] Is lobby #43 valid?: False
[Info   : Unity Log] Lobby #44 id: 109775242502338389; members: 2
[Info   : Unity Log] Is lobby #44 valid?: False
[Info   : Unity Log] Lobby #45 id: 109775242502885834; members: 1
[Info   : Unity Log] Is lobby #45 valid?: False
[Info   : Unity Log] Lobby #46 id: 109775242500611186; members: 1
[Info   : Unity Log] Is lobby #46 valid?: False
[Info   : Unity Log] Lobby #47 id: 109775242502339562; members: 1
[Info   : Unity Log] Is lobby #47 valid?: False
[Info   : Unity Log] Lobby #48 id: 109775242490862618; members: 2
[Info   : Unity Log] Is lobby #48 valid?: False
[Info   : Unity Log] Lobby #49 id: 109775242496088504; members: 3
[Info   : Unity Log] Is lobby #49 valid?: False
[Info   : Unity Log] unsubscribing from steam callbacks
[Info   :FixPluginTypesSerialization] Restored original AssemblyNames list
